<?xml version="1.0" encoding="UTF-8"?>
<coverage generated="1560963205343" clover="3.2.0">
  <project timestamp="1560963205344" name="All files">
    <metrics statements="10" coveredstatements="10" conditionals="0" coveredconditionals="0" methods="7" coveredmethods="4" elements="17" coveredelements="14" complexity="0" loc="10" ncloc="10" packages="1" files="3" classes="3"/>
    <file name="arrays.js" path="/Users/miguel/Carrera_frontend/Cursos/platzi-test/arrays.js">
      <metrics statements="4" coveredstatements="4" conditionals="0" coveredconditionals="0" methods="2" coveredmethods="1"/>
      <line num="1" count="1" type="stmt"/>
      <line num="2" count="1" type="stmt"/>
      <line num="4" count="2" type="stmt"/>
      <line num="5" count="1" type="stmt"/>
    </file>
    <file name="maths.js" path="/Users/miguel/Carrera_frontend/Cursos/platzi-test/maths.js">
      <metrics statements="4" coveredstatements="4" conditionals="0" coveredconditionals="0" methods="4" coveredmethods="2"/>
      <line num="1" count="1" type="stmt"/>
      <line num="2" count="1" type="stmt"/>
      <line num="3" count="1" type="stmt"/>
      <line num="4" count="1" type="stmt"/>
    </file>
    <file name="numbers.js" path="/Users/miguel/Carrera_frontend/Cursos/platzi-test/numbers.js">
      <metrics statements="2" coveredstatements="2" conditionals="0" coveredconditionals="0" methods="1" coveredmethods="1"/>
      <line num="1" count="1" type="stmt"/>
      <line num="2" count="2" type="stmt"/>
    </file>
  </project>
</coverage>
