{"/Users/miguel/Carrera_frontend/Cursos/platzi-test/arrays.js": {"path":"/Users/miguel/Carrera_frontend/Cursos/platzi-test/arrays.js","statementMap":{"0":{"start":{"line":1,"column":15},"end":{"line":1,"column":66}},"1":{"start":{"line":2,"column":15},"end":{"line":2,"column":49}},"2":{"start":{"line":4,"column":27},"end":{"line":4,"column":39}},"3":{"start":{"line":4,"column":33},"end":{"line":4,"column":39}},"4":{"start":{"line":5,"column":27},"end":{"line":5,"column":39}},"5":{"start":{"line":5,"column":33},"end":{"line":5,"column":39}}},"fnMap":{"0":{"name":"(anonymous_0)","decl":{"start":{"line":4,"column":27},"end":{"line":4,"column":28}},"loc":{"start":{"line":4,"column":33},"end":{"line":4,"column":39}},"line":4},"1":{"name":"(anonymous_1)","decl":{"start":{"line":5,"column":27},"end":{"line":5,"column":28}},"loc":{"start":{"line":5,"column":33},"end":{"line":5,"column":39}},"line":5}},"branchMap":{},"s":{"0":1,"1":1,"2":1,"3":2,"4":1,"5":0},"f":{"0":2,"1":0},"b":{},"_coverageSchema":"43e27e138ebf9cfc5966b082cf9a028302ed4184","hash":"8fe4f8dfc381bccdbbebb41e1fc31018f6951e03"}
,"/Users/miguel/Carrera_frontend/Cursos/platzi-test/maths.js": {"path":"/Users/miguel/Carrera_frontend/Cursos/platzi-test/maths.js","statementMap":{"0":{"start":{"line":1,"column":21},"end":{"line":1,"column":35}},"1":{"start":{"line":1,"column":30},"end":{"line":1,"column":35}},"2":{"start":{"line":2,"column":27},"end":{"line":2,"column":41}},"3":{"start":{"line":2,"column":36},"end":{"line":2,"column":41}},"4":{"start":{"line":3,"column":23},"end":{"line":3,"column":37}},"5":{"start":{"line":3,"column":32},"end":{"line":3,"column":37}},"6":{"start":{"line":4,"column":22},"end":{"line":4,"column":36}},"7":{"start":{"line":4,"column":31},"end":{"line":4,"column":36}}},"fnMap":{"0":{"name":"(anonymous_0)","decl":{"start":{"line":1,"column":21},"end":{"line":1,"column":22}},"loc":{"start":{"line":1,"column":30},"end":{"line":1,"column":35}},"line":1},"1":{"name":"(anonymous_1)","decl":{"start":{"line":2,"column":27},"end":{"line":2,"column":28}},"loc":{"start":{"line":2,"column":36},"end":{"line":2,"column":41}},"line":2},"2":{"name":"(anonymous_2)","decl":{"start":{"line":3,"column":23},"end":{"line":3,"column":24}},"loc":{"start":{"line":3,"column":32},"end":{"line":3,"column":37}},"line":3},"3":{"name":"(anonymous_3)","decl":{"start":{"line":4,"column":22},"end":{"line":4,"column":23}},"loc":{"start":{"line":4,"column":31},"end":{"line":4,"column":36}},"line":4}},"branchMap":{},"s":{"0":1,"1":1,"2":1,"3":1,"4":1,"5":0,"6":1,"7":0},"f":{"0":1,"1":1,"2":0,"3":0},"b":{},"_coverageSchema":"43e27e138ebf9cfc5966b082cf9a028302ed4184","hash":"a7938bba68b99889bed779f76bf5afae16838d95"}
,"/Users/miguel/Carrera_frontend/Cursos/platzi-test/numbers.js": {"path":"/Users/miguel/Carrera_frontend/Cursos/platzi-test/numbers.js","statementMap":{"0":{"start":{"line":1,"column":16},"end":{"line":3,"column":1}},"1":{"start":{"line":2,"column":4},"end":{"line":2,"column":17}}},"fnMap":{"0":{"name":"(anonymous_0)","decl":{"start":{"line":1,"column":16},"end":{"line":1,"column":17}},"loc":{"start":{"line":1,"column":25},"end":{"line":3,"column":1}},"line":1}},"branchMap":{},"s":{"0":1,"1":2},"f":{"0":2},"b":{},"_coverageSchema":"43e27e138ebf9cfc5966b082cf9a028302ed4184","hash":"b3d04a59e20f6ede436d1cb7bdbac87d6887eaca"}
}
